<?xml version="1.0" encoding="UTF-8"?>
<!-- Generated by org.testng.reporters.JUnitReportReporter -->
<testsuite hostname="Dreams" name="gitTest.GitTest" tests="1" failures="0" timestamp="22 Aug 2020 15:30:10 GMT" time="38.154" errors="0">
  <testcase name="loginTest" time="38.154" classname="gitTest.GitTest"/>
</testsuite> <!-- gitTest.GitTest -->
