<?xml version="1.0" encoding="UTF-8"?>
<!-- Generated by org.testng.reporters.JUnitReportReporter -->
<testsuite hostname="Dreams" name="gitTest.GitTest" tests="1" failures="0" timestamp="18 Aug 2020 03:50:39 GMT" time="75.497" errors="0">
  <testcase name="loginTest" time="75.497" classname="gitTest.GitTest"/>
</testsuite> <!-- gitTest.GitTest -->
