<?xml version="1.0" encoding="UTF-8"?>
<!-- Generated by org.testng.reporters.JUnitReportReporter -->
<testsuite hostname="Dreams" name="gitTest2.GitTest2" tests="1" failures="0" timestamp="22 Aug 2020 15:30:11 GMT" time="23.280" errors="0">
  <testcase name="loginTest" time="23.280" classname="gitTest2.GitTest2"/>
</testsuite> <!-- gitTest2.GitTest2 -->
